2018-03-31 21:29:31,880 - inspyred.ec - DEBUG - generating initial population
2018-03-31 21:29:31,915 - inspyred.ec - DEBUG - evaluating initial population
2018-03-31 21:29:31,920 - inspyred.ec - DEBUG - population size is now 100
2018-03-31 21:29:31,920 - inspyred.ec - DEBUG - archiving initial population
2018-03-31 21:29:31,920 - inspyred.ec - DEBUG - archive size is now 0
2018-03-31 21:29:31,920 - inspyred.ec - DEBUG - population size is now 100
2018-03-31 21:29:31,926 - inspyred.ec - DEBUG - observation using stats_observer at generation 0 and evaluation 100
2018-03-31 21:29:32,103 - inspyred.ec - DEBUG - termination test using evaluation_termination at generation 0 and evaluation 100
2018-03-31 21:29:32,104 - inspyred.ec - DEBUG - selection using fitness_proportionate_selection at generation 0 and evaluation 100
2018-03-31 21:29:32,106 - inspyred.ec - DEBUG - selected 100 candidates
2018-03-31 21:29:32,134 - inspyred.ec - DEBUG - variation using bit_flip_mutation at generation 0 and evaluation 100
2018-03-31 21:29:32,139 - inspyred.ec - DEBUG - created 100 offspring
2018-03-31 21:29:32,139 - inspyred.ec - DEBUG - evaluation using evaluate_knapsack_candidates at generation 0 and evaluation 100
2018-03-31 21:29:32,144 - inspyred.ec - DEBUG - replacement using testReplacer at generation 0 and evaluation 200
2018-03-31 21:33:56,688 - inspyred.ec - DEBUG - generating initial population
2018-03-31 21:33:56,750 - inspyred.ec - DEBUG - evaluating initial population
2018-03-31 21:33:56,759 - inspyred.ec - DEBUG - population size is now 100
2018-03-31 21:33:56,760 - inspyred.ec - DEBUG - archiving initial population
2018-03-31 21:33:56,760 - inspyred.ec - DEBUG - archive size is now 0
2018-03-31 21:33:56,761 - inspyred.ec - DEBUG - population size is now 100
2018-03-31 21:33:56,772 - inspyred.ec - DEBUG - observation using stats_observer at generation 0 and evaluation 100
2018-03-31 21:33:57,077 - inspyred.ec - DEBUG - generating initial population
2018-03-31 21:33:57,077 - inspyred.ec - DEBUG - generating initial population
2018-03-31 21:33:57,138 - inspyred.ec - DEBUG - evaluating initial population
2018-03-31 21:33:57,138 - inspyred.ec - DEBUG - evaluating initial population
2018-03-31 21:33:57,147 - inspyred.ec - DEBUG - population size is now 100
2018-03-31 21:33:57,147 - inspyred.ec - DEBUG - population size is now 100
2018-03-31 21:33:57,147 - inspyred.ec - DEBUG - archiving initial population
2018-03-31 21:33:57,147 - inspyred.ec - DEBUG - archiving initial population
2018-03-31 21:33:57,148 - inspyred.ec - DEBUG - archive size is now 0
2018-03-31 21:33:57,148 - inspyred.ec - DEBUG - archive size is now 0
2018-03-31 21:33:57,149 - inspyred.ec - DEBUG - population size is now 100
2018-03-31 21:33:57,149 - inspyred.ec - DEBUG - population size is now 100
2018-03-31 21:33:57,159 - inspyred.ec - DEBUG - observation using stats_observer at generation 0 and evaluation 100
2018-03-31 21:33:57,159 - inspyred.ec - DEBUG - observation using stats_observer at generation 0 and evaluation 100
2018-03-31 21:39:02,847 - inspyred.ec - DEBUG - generating initial population
2018-03-31 21:39:02,883 - inspyred.ec - DEBUG - evaluating initial population
2018-03-31 21:39:02,888 - inspyred.ec - DEBUG - population size is now 100
2018-03-31 21:39:02,888 - inspyred.ec - DEBUG - archiving initial population
2018-03-31 21:39:02,888 - inspyred.ec - DEBUG - archive size is now 0
2018-03-31 21:39:02,889 - inspyred.ec - DEBUG - population size is now 100
2018-03-31 21:39:02,898 - inspyred.ec - DEBUG - observation using stats_observer at generation 0 and evaluation 100
2018-03-31 21:39:03,084 - inspyred.ec - DEBUG - generating initial population
2018-03-31 21:39:03,084 - inspyred.ec - DEBUG - generating initial population
2018-03-31 21:39:03,119 - inspyred.ec - DEBUG - evaluating initial population
2018-03-31 21:39:03,119 - inspyred.ec - DEBUG - evaluating initial population
2018-03-31 21:39:03,124 - inspyred.ec - DEBUG - population size is now 100
2018-03-31 21:39:03,124 - inspyred.ec - DEBUG - population size is now 100
2018-03-31 21:39:03,124 - inspyred.ec - DEBUG - archiving initial population
2018-03-31 21:39:03,124 - inspyred.ec - DEBUG - archiving initial population
2018-03-31 21:39:03,125 - inspyred.ec - DEBUG - archive size is now 0
2018-03-31 21:39:03,125 - inspyred.ec - DEBUG - archive size is now 0
2018-03-31 21:39:03,125 - inspyred.ec - DEBUG - population size is now 100
2018-03-31 21:39:03,125 - inspyred.ec - DEBUG - population size is now 100
2018-03-31 21:39:03,131 - inspyred.ec - DEBUG - observation using stats_observer at generation 0 and evaluation 100
2018-03-31 21:39:03,131 - inspyred.ec - DEBUG - observation using stats_observer at generation 0 and evaluation 100
2018-03-31 21:39:31,708 - inspyred.ec - DEBUG - generating initial population
2018-03-31 21:39:31,760 - inspyred.ec - DEBUG - evaluating initial population
2018-03-31 21:39:31,768 - inspyred.ec - DEBUG - population size is now 100
2018-03-31 21:39:31,768 - inspyred.ec - DEBUG - archiving initial population
2018-03-31 21:39:31,768 - inspyred.ec - DEBUG - archive size is now 0
2018-03-31 21:39:31,769 - inspyred.ec - DEBUG - population size is now 100
2018-03-31 21:39:31,778 - inspyred.ec - DEBUG - observation using stats_observer at generation 0 and evaluation 100
2018-03-31 21:39:32,029 - inspyred.ec - DEBUG - termination test using evaluation_termination at generation 0 and evaluation 100
2018-03-31 21:39:32,029 - inspyred.ec - DEBUG - selection using fitness_proportionate_selection at generation 0 and evaluation 100
2018-03-31 21:39:32,033 - inspyred.ec - DEBUG - selected 100 candidates
2018-03-31 21:39:32,075 - inspyred.ec - DEBUG - variation using bit_flip_mutation at generation 0 and evaluation 100
2018-03-31 21:39:32,082 - inspyred.ec - DEBUG - created 100 offspring
2018-03-31 21:39:32,083 - inspyred.ec - DEBUG - evaluation using evaluate_knapsack_candidates at generation 0 and evaluation 100
2018-03-31 21:39:32,090 - inspyred.ec - DEBUG - replacement using testReplacer at generation 0 and evaluation 200
2018-03-31 21:40:30,602 - inspyred.ec - DEBUG - generating initial population
2018-03-31 21:40:30,645 - inspyred.ec - DEBUG - evaluating initial population
2018-03-31 21:40:30,651 - inspyred.ec - DEBUG - population size is now 100
2018-03-31 21:40:30,652 - inspyred.ec - DEBUG - archiving initial population
2018-03-31 21:40:30,652 - inspyred.ec - DEBUG - archive size is now 0
2018-03-31 21:40:30,653 - inspyred.ec - DEBUG - population size is now 100
2018-03-31 21:40:30,660 - inspyred.ec - DEBUG - observation using stats_observer at generation 0 and evaluation 100
2018-03-31 21:40:30,877 - inspyred.ec - DEBUG - termination test using evaluation_termination at generation 0 and evaluation 100
2018-03-31 21:40:30,878 - inspyred.ec - DEBUG - selection using fitness_proportionate_selection at generation 0 and evaluation 100
2018-03-31 21:40:30,881 - inspyred.ec - DEBUG - selected 100 candidates
2018-03-31 21:40:30,917 - inspyred.ec - DEBUG - variation using bit_flip_mutation at generation 0 and evaluation 100
2018-03-31 21:40:30,923 - inspyred.ec - DEBUG - created 100 offspring
2018-03-31 21:40:30,923 - inspyred.ec - DEBUG - evaluation using evaluate_knapsack_candidates at generation 0 and evaluation 100
2018-03-31 21:40:30,929 - inspyred.ec - DEBUG - replacement using testReplacer at generation 0 and evaluation 200
2018-03-31 21:40:46,503 - inspyred.ec - DEBUG - generating initial population
2018-03-31 21:40:46,557 - inspyred.ec - DEBUG - evaluating initial population
2018-03-31 21:40:46,565 - inspyred.ec - DEBUG - population size is now 100
2018-03-31 21:40:46,565 - inspyred.ec - DEBUG - archiving initial population
2018-03-31 21:40:46,566 - inspyred.ec - DEBUG - archive size is now 0
2018-03-31 21:40:46,566 - inspyred.ec - DEBUG - population size is now 100
2018-03-31 21:40:46,575 - inspyred.ec - DEBUG - observation using stats_observer at generation 0 and evaluation 100
2018-03-31 21:40:46,832 - inspyred.ec - DEBUG - termination test using evaluation_termination at generation 0 and evaluation 100
2018-03-31 21:40:46,833 - inspyred.ec - DEBUG - selection using fitness_proportionate_selection at generation 0 and evaluation 100
2018-03-31 21:40:46,837 - inspyred.ec - DEBUG - selected 100 candidates
2018-03-31 21:40:46,880 - inspyred.ec - DEBUG - variation using bit_flip_mutation at generation 0 and evaluation 100
2018-03-31 21:40:46,887 - inspyred.ec - DEBUG - created 100 offspring
2018-03-31 21:40:46,888 - inspyred.ec - DEBUG - evaluation using evaluate_knapsack_candidates at generation 0 and evaluation 100
2018-03-31 21:40:46,895 - inspyred.ec - DEBUG - replacement using testReplacer at generation 0 and evaluation 200
2018-03-31 21:41:17,934 - inspyred.ec - DEBUG - generating initial population
2018-03-31 21:41:17,971 - inspyred.ec - DEBUG - evaluating initial population
2018-03-31 21:41:17,976 - inspyred.ec - DEBUG - population size is now 100
2018-03-31 21:41:17,976 - inspyred.ec - DEBUG - archiving initial population
2018-03-31 21:41:17,976 - inspyred.ec - DEBUG - archive size is now 0
2018-03-31 21:41:17,976 - inspyred.ec - DEBUG - population size is now 100
2018-03-31 21:41:17,983 - inspyred.ec - DEBUG - observation using stats_observer at generation 0 and evaluation 100
2018-03-31 21:41:18,177 - inspyred.ec - DEBUG - termination test using evaluation_termination at generation 0 and evaluation 100
2018-03-31 21:41:18,177 - inspyred.ec - DEBUG - selection using fitness_proportionate_selection at generation 0 and evaluation 100
2018-03-31 21:41:18,180 - inspyred.ec - DEBUG - selected 100 candidates
2018-03-31 21:41:18,211 - inspyred.ec - DEBUG - variation using bit_flip_mutation at generation 0 and evaluation 100
2018-03-31 21:41:18,215 - inspyred.ec - DEBUG - created 100 offspring
2018-03-31 21:41:18,216 - inspyred.ec - DEBUG - evaluation using evaluate_knapsack_candidates at generation 0 and evaluation 100
2018-03-31 21:41:18,221 - inspyred.ec - DEBUG - replacement using testReplacer at generation 0 and evaluation 200
2018-03-31 21:41:44,899 - inspyred.ec - DEBUG - generating initial population
2018-03-31 21:41:44,899 - inspyred.ec - DEBUG - generating initial population
2018-03-31 21:41:44,945 - inspyred.ec - DEBUG - evaluating initial population
2018-03-31 21:41:44,945 - inspyred.ec - DEBUG - evaluating initial population
2018-03-31 21:41:44,952 - inspyred.ec - DEBUG - population size is now 100
2018-03-31 21:41:44,952 - inspyred.ec - DEBUG - population size is now 100
2018-03-31 21:41:44,952 - inspyred.ec - DEBUG - archiving initial population
2018-03-31 21:41:44,952 - inspyred.ec - DEBUG - archiving initial population
2018-03-31 21:41:44,953 - inspyred.ec - DEBUG - archive size is now 0
2018-03-31 21:41:44,953 - inspyred.ec - DEBUG - archive size is now 0
2018-03-31 21:41:44,953 - inspyred.ec - DEBUG - population size is now 100
2018-03-31 21:41:44,953 - inspyred.ec - DEBUG - population size is now 100
2018-03-31 21:41:44,954 - inspyred.ec - DEBUG - observation using stats_observer at generation 0 and evaluation 100
2018-03-31 21:41:44,954 - inspyred.ec - DEBUG - observation using stats_observer at generation 0 and evaluation 100
2018-03-31 21:41:44,956 - inspyred.ec - DEBUG - termination test using evaluation_termination at generation 0 and evaluation 100
2018-03-31 21:41:44,956 - inspyred.ec - DEBUG - termination test using evaluation_termination at generation 0 and evaluation 100
2018-03-31 21:41:44,957 - inspyred.ec - DEBUG - selection using fitness_proportionate_selection at generation 0 and evaluation 100
2018-03-31 21:41:44,957 - inspyred.ec - DEBUG - selection using fitness_proportionate_selection at generation 0 and evaluation 100
2018-03-31 21:41:44,961 - inspyred.ec - DEBUG - selected 100 candidates
2018-03-31 21:41:44,961 - inspyred.ec - DEBUG - selected 100 candidates
2018-03-31 21:41:44,999 - inspyred.ec - DEBUG - variation using bit_flip_mutation at generation 0 and evaluation 100
2018-03-31 21:41:44,999 - inspyred.ec - DEBUG - variation using bit_flip_mutation at generation 0 and evaluation 100
2018-03-31 21:41:45,005 - inspyred.ec - DEBUG - created 100 offspring
2018-03-31 21:41:45,005 - inspyred.ec - DEBUG - created 100 offspring
2018-03-31 21:41:45,005 - inspyred.ec - DEBUG - evaluation using evaluate_knapsack_candidates at generation 0 and evaluation 100
2018-03-31 21:41:45,005 - inspyred.ec - DEBUG - evaluation using evaluate_knapsack_candidates at generation 0 and evaluation 100
2018-03-31 21:41:45,012 - inspyred.ec - DEBUG - replacement using testReplacer at generation 0 and evaluation 200
2018-03-31 21:41:45,012 - inspyred.ec - DEBUG - replacement using testReplacer at generation 0 and evaluation 200
2018-03-31 21:42:29,853 - inspyred.ec - DEBUG - generating initial population
2018-03-31 21:42:29,860 - inspyred.ec - DEBUG - evaluating initial population
2018-03-31 21:42:29,862 - inspyred.ec - DEBUG - population size is now 100
2018-03-31 21:42:29,862 - inspyred.ec - DEBUG - archiving initial population
2018-03-31 21:42:29,862 - inspyred.ec - DEBUG - archive size is now 0
2018-03-31 21:42:29,863 - inspyred.ec - DEBUG - population size is now 100
2018-03-31 21:42:29,863 - inspyred.ec - DEBUG - observation using stats_observer at generation 0 and evaluation 100
2018-03-31 21:42:29,940 - inspyred.ec - DEBUG - termination test using evaluation_termination at generation 0 and evaluation 100
2018-03-31 21:42:29,940 - inspyred.ec - DEBUG - selection using fitness_proportionate_selection at generation 0 and evaluation 100
2018-03-31 21:42:29,941 - inspyred.ec - DEBUG - selected 100 candidates
2018-03-31 21:42:29,946 - inspyred.ec - DEBUG - variation using bit_flip_mutation at generation 0 and evaluation 100
2018-03-31 21:42:29,948 - inspyred.ec - DEBUG - created 100 offspring
2018-03-31 21:42:29,948 - inspyred.ec - DEBUG - evaluation using evaluate_knapsack_candidates at generation 0 and evaluation 100
2018-03-31 21:42:29,950 - inspyred.ec - DEBUG - replacement using testReplacer at generation 0 and evaluation 200
2018-03-31 21:42:29,955 - inspyred.ec - DEBUG - generating initial population
2018-03-31 21:42:29,955 - inspyred.ec - DEBUG - generating initial population
2018-03-31 21:42:29,962 - inspyred.ec - DEBUG - evaluating initial population
2018-03-31 21:42:29,962 - inspyred.ec - DEBUG - evaluating initial population
2018-03-31 21:42:29,965 - inspyred.ec - DEBUG - population size is now 100
2018-03-31 21:42:29,965 - inspyred.ec - DEBUG - population size is now 100
2018-03-31 21:42:29,965 - inspyred.ec - DEBUG - archiving initial population
2018-03-31 21:42:29,965 - inspyred.ec - DEBUG - archiving initial population
2018-03-31 21:42:29,965 - inspyred.ec - DEBUG - archive size is now 0
2018-03-31 21:42:29,965 - inspyred.ec - DEBUG - archive size is now 0
2018-03-31 21:42:29,965 - inspyred.ec - DEBUG - population size is now 100
2018-03-31 21:42:29,965 - inspyred.ec - DEBUG - population size is now 100
2018-03-31 21:42:29,965 - inspyred.ec - DEBUG - observation using stats_observer at generation 0 and evaluation 100
2018-03-31 21:42:29,965 - inspyred.ec - DEBUG - observation using stats_observer at generation 0 and evaluation 100
2018-03-31 21:42:29,966 - inspyred.ec - DEBUG - termination test using evaluation_termination at generation 0 and evaluation 100
2018-03-31 21:42:29,966 - inspyred.ec - DEBUG - termination test using evaluation_termination at generation 0 and evaluation 100
2018-03-31 21:42:29,966 - inspyred.ec - DEBUG - selection using fitness_proportionate_selection at generation 0 and evaluation 100
2018-03-31 21:42:29,966 - inspyred.ec - DEBUG - selection using fitness_proportionate_selection at generation 0 and evaluation 100
2018-03-31 21:42:29,967 - inspyred.ec - DEBUG - selected 100 candidates
2018-03-31 21:42:29,967 - inspyred.ec - DEBUG - selected 100 candidates
2018-03-31 21:42:29,973 - inspyred.ec - DEBUG - variation using bit_flip_mutation at generation 0 and evaluation 100
2018-03-31 21:42:29,973 - inspyred.ec - DEBUG - variation using bit_flip_mutation at generation 0 and evaluation 100
2018-03-31 21:42:29,975 - inspyred.ec - DEBUG - created 100 offspring
2018-03-31 21:42:29,975 - inspyred.ec - DEBUG - created 100 offspring
2018-03-31 21:42:29,975 - inspyred.ec - DEBUG - evaluation using evaluate_knapsack_candidates at generation 0 and evaluation 100
2018-03-31 21:42:29,975 - inspyred.ec - DEBUG - evaluation using evaluate_knapsack_candidates at generation 0 and evaluation 100
2018-03-31 21:42:29,977 - inspyred.ec - DEBUG - replacement using testReplacer at generation 0 and evaluation 200
2018-03-31 21:42:29,977 - inspyred.ec - DEBUG - replacement using testReplacer at generation 0 and evaluation 200
2018-03-31 21:43:30,208 - inspyred.ec - DEBUG - generating initial population
2018-03-31 21:43:30,270 - inspyred.ec - DEBUG - evaluating initial population
2018-03-31 21:43:30,278 - inspyred.ec - DEBUG - population size is now 100
2018-03-31 21:43:30,279 - inspyred.ec - DEBUG - archiving initial population
2018-03-31 21:43:30,279 - inspyred.ec - DEBUG - archive size is now 0
2018-03-31 21:43:30,280 - inspyred.ec - DEBUG - population size is now 100
2018-03-31 21:43:30,291 - inspyred.ec - DEBUG - observation using stats_observer at generation 0 and evaluation 100
2018-03-31 21:43:30,576 - inspyred.ec - DEBUG - termination test using evaluation_termination at generation 0 and evaluation 100
2018-03-31 21:43:30,577 - inspyred.ec - DEBUG - selection using fitness_proportionate_selection at generation 0 and evaluation 100
2018-03-31 21:43:30,582 - inspyred.ec - DEBUG - selected 100 candidates
2018-03-31 21:43:30,631 - inspyred.ec - DEBUG - variation using bit_flip_mutation at generation 0 and evaluation 100
2018-03-31 21:43:30,638 - inspyred.ec - DEBUG - created 100 offspring
2018-03-31 21:43:30,638 - inspyred.ec - DEBUG - evaluation using evaluate_knapsack_candidates at generation 0 and evaluation 100
2018-03-31 21:43:30,646 - inspyred.ec - DEBUG - replacement using testReplacer at generation 0 and evaluation 200
2018-03-31 21:43:41,642 - inspyred.ec - DEBUG - population size is now 100
2018-03-31 21:43:41,643 - inspyred.ec - DEBUG - migration using default_migration at generation 0 and evaluation 200
2018-03-31 21:43:41,643 - inspyred.ec - DEBUG - population size is now 100
2018-03-31 21:43:41,643 - inspyred.ec - DEBUG - archival using default_archiver at generation 0 and evaluation 200
2018-03-31 21:43:41,644 - inspyred.ec - DEBUG - archive size is now 0
2018-03-31 21:43:41,644 - inspyred.ec - DEBUG - population size is now 100
2018-03-31 21:43:41,644 - inspyred.ec - DEBUG - observation using stats_observer at generation 1 and evaluation 200
2018-03-31 21:43:41,645 - inspyred.ec - DEBUG - termination test using evaluation_termination at generation 1 and evaluation 200
2018-03-31 21:43:41,645 - inspyred.ec - DEBUG - selection using fitness_proportionate_selection at generation 1 and evaluation 200
2018-03-31 21:43:41,648 - inspyred.ec - DEBUG - selected 100 candidates
2018-03-31 21:43:41,678 - inspyred.ec - DEBUG - variation using bit_flip_mutation at generation 1 and evaluation 200
2018-03-31 21:43:41,683 - inspyred.ec - DEBUG - created 100 offspring
2018-03-31 21:43:41,683 - inspyred.ec - DEBUG - evaluation using evaluate_knapsack_candidates at generation 1 and evaluation 200
2018-03-31 21:43:41,689 - inspyred.ec - DEBUG - replacement using testReplacer at generation 1 and evaluation 300
2018-03-31 21:44:35,723 - inspyred.ec - DEBUG - generating initial population
2018-03-31 21:44:35,758 - inspyred.ec - DEBUG - evaluating initial population
2018-03-31 21:44:35,763 - inspyred.ec - DEBUG - population size is now 100
2018-03-31 21:44:35,763 - inspyred.ec - DEBUG - archiving initial population
2018-03-31 21:44:35,763 - inspyred.ec - DEBUG - archive size is now 0
2018-03-31 21:44:35,763 - inspyred.ec - DEBUG - population size is now 100
2018-03-31 21:44:35,770 - inspyred.ec - DEBUG - observation using stats_observer at generation 0 and evaluation 100
2018-03-31 21:44:35,949 - inspyred.ec - DEBUG - termination test using evaluation_termination at generation 0 and evaluation 100
2018-03-31 21:44:35,950 - inspyred.ec - DEBUG - selection using fitness_proportionate_selection at generation 0 and evaluation 100
2018-03-31 21:44:35,953 - inspyred.ec - DEBUG - selected 100 candidates
2018-03-31 21:44:35,981 - inspyred.ec - DEBUG - variation using bit_flip_mutation at generation 0 and evaluation 100
2018-03-31 21:44:35,986 - inspyred.ec - DEBUG - created 100 offspring
2018-03-31 21:44:35,986 - inspyred.ec - DEBUG - evaluation using evaluate_knapsack_candidates at generation 0 and evaluation 100
2018-03-31 21:44:35,991 - inspyred.ec - DEBUG - replacement using testReplacer at generation 0 and evaluation 200
2018-03-31 21:44:57,525 - inspyred.ec - DEBUG - generating initial population
2018-03-31 21:44:57,533 - inspyred.ec - DEBUG - evaluating initial population
2018-03-31 21:44:57,535 - inspyred.ec - DEBUG - population size is now 100
2018-03-31 21:44:57,535 - inspyred.ec - DEBUG - archiving initial population
2018-03-31 21:44:57,535 - inspyred.ec - DEBUG - archive size is now 0
2018-03-31 21:44:57,535 - inspyred.ec - DEBUG - population size is now 100
2018-03-31 21:44:57,536 - inspyred.ec - DEBUG - observation using stats_observer at generation 0 and evaluation 100
2018-03-31 21:44:57,620 - inspyred.ec - DEBUG - termination test using evaluation_termination at generation 0 and evaluation 100
2018-03-31 21:44:57,620 - inspyred.ec - DEBUG - selection using fitness_proportionate_selection at generation 0 and evaluation 100
2018-03-31 21:44:57,621 - inspyred.ec - DEBUG - selected 100 candidates
2018-03-31 21:44:57,627 - inspyred.ec - DEBUG - variation using bit_flip_mutation at generation 0 and evaluation 100
2018-03-31 21:44:57,629 - inspyred.ec - DEBUG - created 100 offspring
2018-03-31 21:44:57,629 - inspyred.ec - DEBUG - evaluation using evaluate_knapsack_candidates at generation 0 and evaluation 100
2018-03-31 21:44:57,632 - inspyred.ec - DEBUG - replacement using testReplacer at generation 0 and evaluation 200
2018-03-31 21:44:57,634 - inspyred.ec - DEBUG - population size is now 100
2018-03-31 21:44:57,634 - inspyred.ec - DEBUG - migration using default_migration at generation 0 and evaluation 200
2018-03-31 21:44:57,634 - inspyred.ec - DEBUG - population size is now 100
2018-03-31 21:44:57,635 - inspyred.ec - DEBUG - archival using default_archiver at generation 0 and evaluation 200
2018-03-31 21:44:57,635 - inspyred.ec - DEBUG - archive size is now 0
2018-03-31 21:44:57,635 - inspyred.ec - DEBUG - population size is now 100
2018-03-31 21:44:57,635 - inspyred.ec - DEBUG - observation using stats_observer at generation 1 and evaluation 200
2018-03-31 21:44:57,635 - inspyred.ec - DEBUG - termination test using evaluation_termination at generation 1 and evaluation 200
2018-03-31 21:44:57,636 - inspyred.ec - DEBUG - selection using fitness_proportionate_selection at generation 1 and evaluation 200
2018-03-31 21:44:57,636 - inspyred.ec - DEBUG - selected 100 candidates
2018-03-31 21:44:57,642 - inspyred.ec - DEBUG - variation using bit_flip_mutation at generation 1 and evaluation 200
2018-03-31 21:44:57,644 - inspyred.ec - DEBUG - created 100 offspring
2018-03-31 21:44:57,644 - inspyred.ec - DEBUG - evaluation using evaluate_knapsack_candidates at generation 1 and evaluation 200
2018-03-31 21:44:57,647 - inspyred.ec - DEBUG - replacement using testReplacer at generation 1 and evaluation 300
2018-03-31 21:44:57,649 - inspyred.ec - DEBUG - population size is now 100
2018-03-31 21:44:57,649 - inspyred.ec - DEBUG - migration using default_migration at generation 1 and evaluation 300
2018-03-31 21:44:57,649 - inspyred.ec - DEBUG - population size is now 100
2018-03-31 21:44:57,650 - inspyred.ec - DEBUG - archival using default_archiver at generation 1 and evaluation 300
2018-03-31 21:44:57,650 - inspyred.ec - DEBUG - archive size is now 0
2018-03-31 21:44:57,650 - inspyred.ec - DEBUG - population size is now 100
2018-03-31 21:44:57,650 - inspyred.ec - DEBUG - observation using stats_observer at generation 2 and evaluation 300
2018-03-31 21:44:57,650 - inspyred.ec - DEBUG - termination test using evaluation_termination at generation 2 and evaluation 300
2018-03-31 21:44:57,650 - inspyred.ec - DEBUG - selection using fitness_proportionate_selection at generation 2 and evaluation 300
2018-03-31 21:44:57,651 - inspyred.ec - DEBUG - selected 100 candidates
2018-03-31 21:44:57,657 - inspyred.ec - DEBUG - variation using bit_flip_mutation at generation 2 and evaluation 300
2018-03-31 21:44:57,659 - inspyred.ec - DEBUG - created 100 offspring
2018-03-31 21:44:57,659 - inspyred.ec - DEBUG - evaluation using evaluate_knapsack_candidates at generation 2 and evaluation 300
2018-03-31 21:44:57,661 - inspyred.ec - DEBUG - replacement using testReplacer at generation 2 and evaluation 400
2018-03-31 21:44:57,664 - inspyred.ec - DEBUG - population size is now 100
2018-03-31 21:44:57,664 - inspyred.ec - DEBUG - migration using default_migration at generation 2 and evaluation 400
2018-03-31 21:44:57,664 - inspyred.ec - DEBUG - population size is now 100
2018-03-31 21:44:57,664 - inspyred.ec - DEBUG - archival using default_archiver at generation 2 and evaluation 400
2018-03-31 21:44:57,664 - inspyred.ec - DEBUG - archive size is now 0
2018-03-31 21:44:57,664 - inspyred.ec - DEBUG - population size is now 100
2018-03-31 21:44:57,665 - inspyred.ec - DEBUG - observation using stats_observer at generation 3 and evaluation 400
2018-03-31 21:44:57,665 - inspyred.ec - DEBUG - termination test using evaluation_termination at generation 3 and evaluation 400
2018-03-31 21:44:57,665 - inspyred.ec - DEBUG - selection using fitness_proportionate_selection at generation 3 and evaluation 400
2018-03-31 21:44:57,666 - inspyred.ec - DEBUG - selected 100 candidates
2018-03-31 21:44:57,672 - inspyred.ec - DEBUG - variation using bit_flip_mutation at generation 3 and evaluation 400
2018-03-31 21:44:57,674 - inspyred.ec - DEBUG - created 100 offspring
2018-03-31 21:44:57,674 - inspyred.ec - DEBUG - evaluation using evaluate_knapsack_candidates at generation 3 and evaluation 400
2018-03-31 21:44:57,676 - inspyred.ec - DEBUG - replacement using testReplacer at generation 3 and evaluation 500
2018-03-31 21:44:57,679 - inspyred.ec - DEBUG - population size is now 100
2018-03-31 21:44:57,679 - inspyred.ec - DEBUG - migration using default_migration at generation 3 and evaluation 500
2018-03-31 21:44:57,679 - inspyred.ec - DEBUG - population size is now 100
2018-03-31 21:44:57,679 - inspyred.ec - DEBUG - archival using default_archiver at generation 3 and evaluation 500
2018-03-31 21:44:57,679 - inspyred.ec - DEBUG - archive size is now 0
2018-03-31 21:44:57,679 - inspyred.ec - DEBUG - population size is now 100
2018-03-31 21:44:57,680 - inspyred.ec - DEBUG - observation using stats_observer at generation 4 and evaluation 500
2018-03-31 21:44:57,680 - inspyred.ec - DEBUG - termination test using evaluation_termination at generation 4 and evaluation 500
2018-03-31 21:44:57,680 - inspyred.ec - DEBUG - selection using fitness_proportionate_selection at generation 4 and evaluation 500
2018-03-31 21:44:57,681 - inspyred.ec - DEBUG - selected 100 candidates
2018-03-31 21:44:57,687 - inspyred.ec - DEBUG - variation using bit_flip_mutation at generation 4 and evaluation 500
2018-03-31 21:44:57,689 - inspyred.ec - DEBUG - created 100 offspring
2018-03-31 21:44:57,689 - inspyred.ec - DEBUG - evaluation using evaluate_knapsack_candidates at generation 4 and evaluation 500
2018-03-31 21:44:57,691 - inspyred.ec - DEBUG - replacement using testReplacer at generation 4 and evaluation 600
2018-03-31 21:44:57,694 - inspyred.ec - DEBUG - population size is now 100
2018-03-31 21:44:57,694 - inspyred.ec - DEBUG - migration using default_migration at generation 4 and evaluation 600
2018-03-31 21:44:57,694 - inspyred.ec - DEBUG - population size is now 100
2018-03-31 21:44:57,694 - inspyred.ec - DEBUG - archival using default_archiver at generation 4 and evaluation 600
2018-03-31 21:44:57,694 - inspyred.ec - DEBUG - archive size is now 0
2018-03-31 21:44:57,694 - inspyred.ec - DEBUG - population size is now 100
2018-03-31 21:44:57,694 - inspyred.ec - DEBUG - observation using stats_observer at generation 5 and evaluation 600
2018-03-31 21:44:57,695 - inspyred.ec - DEBUG - termination test using evaluation_termination at generation 5 and evaluation 600
2018-03-31 21:44:57,695 - inspyred.ec - DEBUG - selection using fitness_proportionate_selection at generation 5 and evaluation 600
2018-03-31 21:44:57,696 - inspyred.ec - DEBUG - selected 100 candidates
2018-03-31 21:44:57,702 - inspyred.ec - DEBUG - variation using bit_flip_mutation at generation 5 and evaluation 600
2018-03-31 21:44:57,704 - inspyred.ec - DEBUG - created 100 offspring
2018-03-31 21:44:57,704 - inspyred.ec - DEBUG - evaluation using evaluate_knapsack_candidates at generation 5 and evaluation 600
2018-03-31 21:44:57,706 - inspyred.ec - DEBUG - replacement using testReplacer at generation 5 and evaluation 700
2018-03-31 21:44:57,708 - inspyred.ec - DEBUG - population size is now 100
2018-03-31 21:44:57,709 - inspyred.ec - DEBUG - migration using default_migration at generation 5 and evaluation 700
2018-03-31 21:44:57,709 - inspyred.ec - DEBUG - population size is now 100
2018-03-31 21:44:57,709 - inspyred.ec - DEBUG - archival using default_archiver at generation 5 and evaluation 700
2018-03-31 21:44:57,709 - inspyred.ec - DEBUG - archive size is now 0
2018-03-31 21:44:57,709 - inspyred.ec - DEBUG - population size is now 100
2018-03-31 21:44:57,709 - inspyred.ec - DEBUG - observation using stats_observer at generation 6 and evaluation 700
2018-03-31 21:44:57,710 - inspyred.ec - DEBUG - termination test using evaluation_termination at generation 6 and evaluation 700
2018-03-31 21:44:57,710 - inspyred.ec - DEBUG - selection using fitness_proportionate_selection at generation 6 and evaluation 700
2018-03-31 21:44:57,711 - inspyred.ec - DEBUG - selected 100 candidates
2018-03-31 21:44:57,716 - inspyred.ec - DEBUG - variation using bit_flip_mutation at generation 6 and evaluation 700
2018-03-31 21:44:57,718 - inspyred.ec - DEBUG - created 100 offspring
2018-03-31 21:44:57,719 - inspyred.ec - DEBUG - evaluation using evaluate_knapsack_candidates at generation 6 and evaluation 700
2018-03-31 21:44:57,721 - inspyred.ec - DEBUG - replacement using testReplacer at generation 6 and evaluation 800
2018-03-31 21:44:57,723 - inspyred.ec - DEBUG - population size is now 100
2018-03-31 21:44:57,723 - inspyred.ec - DEBUG - migration using default_migration at generation 6 and evaluation 800
2018-03-31 21:44:57,723 - inspyred.ec - DEBUG - population size is now 100
2018-03-31 21:44:57,723 - inspyred.ec - DEBUG - archival using default_archiver at generation 6 and evaluation 800
2018-03-31 21:44:57,724 - inspyred.ec - DEBUG - archive size is now 0
2018-03-31 21:44:57,724 - inspyred.ec - DEBUG - population size is now 100
2018-03-31 21:44:57,724 - inspyred.ec - DEBUG - observation using stats_observer at generation 7 and evaluation 800
2018-03-31 21:44:57,724 - inspyred.ec - DEBUG - termination test using evaluation_termination at generation 7 and evaluation 800
2018-03-31 21:44:57,724 - inspyred.ec - DEBUG - selection using fitness_proportionate_selection at generation 7 and evaluation 800
2018-03-31 21:44:57,725 - inspyred.ec - DEBUG - selected 100 candidates
2018-03-31 21:44:57,731 - inspyred.ec - DEBUG - variation using bit_flip_mutation at generation 7 and evaluation 800
2018-03-31 21:44:57,733 - inspyred.ec - DEBUG - created 100 offspring
2018-03-31 21:44:57,733 - inspyred.ec - DEBUG - evaluation using evaluate_knapsack_candidates at generation 7 and evaluation 800
2018-03-31 21:44:57,735 - inspyred.ec - DEBUG - replacement using testReplacer at generation 7 and evaluation 900
2018-03-31 21:44:57,738 - inspyred.ec - DEBUG - population size is now 100
2018-03-31 21:44:57,738 - inspyred.ec - DEBUG - migration using default_migration at generation 7 and evaluation 900
2018-03-31 21:44:57,738 - inspyred.ec - DEBUG - population size is now 100
2018-03-31 21:44:57,738 - inspyred.ec - DEBUG - archival using default_archiver at generation 7 and evaluation 900
2018-03-31 21:44:57,738 - inspyred.ec - DEBUG - archive size is now 0
2018-03-31 21:44:57,738 - inspyred.ec - DEBUG - population size is now 100
2018-03-31 21:44:57,738 - inspyred.ec - DEBUG - observation using stats_observer at generation 8 and evaluation 900
2018-03-31 21:44:57,739 - inspyred.ec - DEBUG - termination test using evaluation_termination at generation 8 and evaluation 900
2018-03-31 21:44:57,739 - inspyred.ec - DEBUG - selection using fitness_proportionate_selection at generation 8 and evaluation 900
2018-03-31 21:44:57,740 - inspyred.ec - DEBUG - selected 100 candidates
2018-03-31 21:44:57,746 - inspyred.ec - DEBUG - variation using bit_flip_mutation at generation 8 and evaluation 900
2018-03-31 21:44:57,748 - inspyred.ec - DEBUG - created 100 offspring
2018-03-31 21:44:57,748 - inspyred.ec - DEBUG - evaluation using evaluate_knapsack_candidates at generation 8 and evaluation 900
2018-03-31 21:44:57,750 - inspyred.ec - DEBUG - replacement using testReplacer at generation 8 and evaluation 1000
2018-03-31 21:44:57,752 - inspyred.ec - DEBUG - population size is now 100
2018-03-31 21:44:57,753 - inspyred.ec - DEBUG - migration using default_migration at generation 8 and evaluation 1000
2018-03-31 21:44:57,753 - inspyred.ec - DEBUG - population size is now 100
2018-03-31 21:44:57,753 - inspyred.ec - DEBUG - archival using default_archiver at generation 8 and evaluation 1000
2018-03-31 21:44:57,753 - inspyred.ec - DEBUG - archive size is now 0
2018-03-31 21:44:57,753 - inspyred.ec - DEBUG - population size is now 100
2018-03-31 21:44:57,753 - inspyred.ec - DEBUG - observation using stats_observer at generation 9 and evaluation 1000
2018-03-31 21:44:57,754 - inspyred.ec - DEBUG - termination test using evaluation_termination at generation 9 and evaluation 1000
2018-03-31 21:44:57,754 - inspyred.ec - DEBUG - termination from evaluation_termination at generation 9 and evaluation 1000
2018-03-31 21:45:21,278 - inspyred.ec - DEBUG - generating initial population
2018-03-31 21:45:21,326 - inspyred.ec - DEBUG - evaluating initial population
2018-03-31 21:45:21,333 - inspyred.ec - DEBUG - population size is now 100
2018-03-31 21:45:21,333 - inspyred.ec - DEBUG - archiving initial population
2018-03-31 21:45:21,334 - inspyred.ec - DEBUG - archive size is now 0
2018-03-31 21:45:21,334 - inspyred.ec - DEBUG - population size is now 100
2018-03-31 21:45:21,343 - inspyred.ec - DEBUG - observation using stats_observer at generation 0 and evaluation 100
2018-03-31 21:45:21,562 - inspyred.ec - DEBUG - termination test using evaluation_termination at generation 0 and evaluation 100
2018-03-31 21:45:21,562 - inspyred.ec - DEBUG - selection using fitness_proportionate_selection at generation 0 and evaluation 100
2018-03-31 21:45:21,566 - inspyred.ec - DEBUG - selected 100 candidates
2018-03-31 21:45:21,605 - inspyred.ec - DEBUG - variation using bit_flip_mutation at generation 0 and evaluation 100
2018-03-31 21:45:21,611 - inspyred.ec - DEBUG - created 100 offspring
2018-03-31 21:45:21,612 - inspyred.ec - DEBUG - evaluation using evaluate_knapsack_candidates at generation 0 and evaluation 100
2018-03-31 21:45:21,618 - inspyred.ec - DEBUG - replacement using testReplacer at generation 0 and evaluation 200
2018-03-31 21:45:27,799 - inspyred.ec - DEBUG - population size is now 100
2018-03-31 21:45:27,799 - inspyred.ec - DEBUG - migration using default_migration at generation 0 and evaluation 200
2018-03-31 21:45:27,800 - inspyred.ec - DEBUG - population size is now 100
2018-03-31 21:45:27,800 - inspyred.ec - DEBUG - archival using default_archiver at generation 0 and evaluation 200
2018-03-31 21:45:27,800 - inspyred.ec - DEBUG - archive size is now 0
2018-03-31 21:45:27,801 - inspyred.ec - DEBUG - population size is now 100
2018-03-31 21:45:27,801 - inspyred.ec - DEBUG - observation using stats_observer at generation 1 and evaluation 200
2018-03-31 21:45:27,802 - inspyred.ec - DEBUG - termination test using evaluation_termination at generation 1 and evaluation 200
2018-03-31 21:45:27,802 - inspyred.ec - DEBUG - selection using fitness_proportionate_selection at generation 1 and evaluation 200
2018-03-31 21:45:27,805 - inspyred.ec - DEBUG - selected 100 candidates
2018-03-31 21:45:27,843 - inspyred.ec - DEBUG - variation using bit_flip_mutation at generation 1 and evaluation 200
2018-03-31 21:45:27,849 - inspyred.ec - DEBUG - created 100 offspring
2018-03-31 21:45:27,849 - inspyred.ec - DEBUG - evaluation using evaluate_knapsack_candidates at generation 1 and evaluation 200
2018-03-31 21:45:27,856 - inspyred.ec - DEBUG - replacement using testReplacer at generation 1 and evaluation 300
2018-03-31 21:45:27,861 - inspyred.ec - DEBUG - population size is now 100
2018-03-31 21:45:27,862 - inspyred.ec - DEBUG - migration using default_migration at generation 1 and evaluation 300
2018-03-31 21:45:27,862 - inspyred.ec - DEBUG - population size is now 100
2018-03-31 21:45:27,862 - inspyred.ec - DEBUG - archival using default_archiver at generation 1 and evaluation 300
2018-03-31 21:45:27,863 - inspyred.ec - DEBUG - archive size is now 0
2018-03-31 21:45:27,863 - inspyred.ec - DEBUG - population size is now 100
2018-03-31 21:45:27,863 - inspyred.ec - DEBUG - observation using stats_observer at generation 2 and evaluation 300
2018-03-31 21:45:27,865 - inspyred.ec - DEBUG - termination test using evaluation_termination at generation 2 and evaluation 300
2018-03-31 21:45:27,865 - inspyred.ec - DEBUG - selection using fitness_proportionate_selection at generation 2 and evaluation 300
2018-03-31 21:45:27,867 - inspyred.ec - DEBUG - selected 100 candidates
2018-03-31 21:45:27,905 - inspyred.ec - DEBUG - variation using bit_flip_mutation at generation 2 and evaluation 300
2018-03-31 21:45:27,912 - inspyred.ec - DEBUG - created 100 offspring
2018-03-31 21:45:27,912 - inspyred.ec - DEBUG - evaluation using evaluate_knapsack_candidates at generation 2 and evaluation 300
2018-03-31 21:45:27,920 - inspyred.ec - DEBUG - replacement using testReplacer at generation 2 and evaluation 400
2018-03-31 21:45:27,925 - inspyred.ec - DEBUG - population size is now 100
2018-03-31 21:45:27,925 - inspyred.ec - DEBUG - migration using default_migration at generation 2 and evaluation 400
2018-03-31 21:45:27,926 - inspyred.ec - DEBUG - population size is now 100
2018-03-31 21:45:27,926 - inspyred.ec - DEBUG - archival using default_archiver at generation 2 and evaluation 400
2018-03-31 21:45:27,926 - inspyred.ec - DEBUG - archive size is now 0
2018-03-31 21:45:27,927 - inspyred.ec - DEBUG - population size is now 100
2018-03-31 21:45:27,927 - inspyred.ec - DEBUG - observation using stats_observer at generation 3 and evaluation 400
2018-03-31 21:45:27,928 - inspyred.ec - DEBUG - termination test using evaluation_termination at generation 3 and evaluation 400
2018-03-31 21:45:27,928 - inspyred.ec - DEBUG - selection using fitness_proportionate_selection at generation 3 and evaluation 400
2018-03-31 21:45:27,931 - inspyred.ec - DEBUG - selected 100 candidates
2018-03-31 21:45:27,968 - inspyred.ec - DEBUG - variation using bit_flip_mutation at generation 3 and evaluation 400
2018-03-31 21:45:27,973 - inspyred.ec - DEBUG - created 100 offspring
2018-03-31 21:45:27,974 - inspyred.ec - DEBUG - evaluation using evaluate_knapsack_candidates at generation 3 and evaluation 400
2018-03-31 21:45:27,981 - inspyred.ec - DEBUG - replacement using testReplacer at generation 3 and evaluation 500
2018-03-31 21:45:27,986 - inspyred.ec - DEBUG - population size is now 100
2018-03-31 21:45:27,986 - inspyred.ec - DEBUG - migration using default_migration at generation 3 and evaluation 500
2018-03-31 21:45:27,986 - inspyred.ec - DEBUG - population size is now 100
2018-03-31 21:45:27,987 - inspyred.ec - DEBUG - archival using default_archiver at generation 3 and evaluation 500
2018-03-31 21:45:27,987 - inspyred.ec - DEBUG - archive size is now 0
2018-03-31 21:45:27,987 - inspyred.ec - DEBUG - population size is now 100
2018-03-31 21:45:27,988 - inspyred.ec - DEBUG - observation using stats_observer at generation 4 and evaluation 500
2018-03-31 21:45:27,989 - inspyred.ec - DEBUG - termination test using evaluation_termination at generation 4 and evaluation 500
2018-03-31 21:45:27,989 - inspyred.ec - DEBUG - selection using fitness_proportionate_selection at generation 4 and evaluation 500
2018-03-31 21:45:27,992 - inspyred.ec - DEBUG - selected 100 candidates
2018-03-31 21:45:28,029 - inspyred.ec - DEBUG - variation using bit_flip_mutation at generation 4 and evaluation 500
2018-03-31 21:45:28,034 - inspyred.ec - DEBUG - created 100 offspring
2018-03-31 21:45:28,035 - inspyred.ec - DEBUG - evaluation using evaluate_knapsack_candidates at generation 4 and evaluation 500
2018-03-31 21:45:28,042 - inspyred.ec - DEBUG - replacement using testReplacer at generation 4 and evaluation 600
2018-03-31 21:45:28,047 - inspyred.ec - DEBUG - population size is now 100
2018-03-31 21:45:28,048 - inspyred.ec - DEBUG - migration using default_migration at generation 4 and evaluation 600
2018-03-31 21:45:28,048 - inspyred.ec - DEBUG - population size is now 100
2018-03-31 21:45:28,048 - inspyred.ec - DEBUG - archival using default_archiver at generation 4 and evaluation 600
2018-03-31 21:45:28,049 - inspyred.ec - DEBUG - archive size is now 0
2018-03-31 21:45:28,049 - inspyred.ec - DEBUG - population size is now 100
2018-03-31 21:45:28,049 - inspyred.ec - DEBUG - observation using stats_observer at generation 5 and evaluation 600
2018-03-31 21:45:28,050 - inspyred.ec - DEBUG - termination test using evaluation_termination at generation 5 and evaluation 600
2018-03-31 21:45:28,051 - inspyred.ec - DEBUG - selection using fitness_proportionate_selection at generation 5 and evaluation 600
2018-03-31 21:45:28,053 - inspyred.ec - DEBUG - selected 100 candidates
2018-03-31 21:45:28,090 - inspyred.ec - DEBUG - variation using bit_flip_mutation at generation 5 and evaluation 600
2018-03-31 21:45:28,095 - inspyred.ec - DEBUG - created 100 offspring
2018-03-31 21:45:28,096 - inspyred.ec - DEBUG - evaluation using evaluate_knapsack_candidates at generation 5 and evaluation 600
2018-03-31 21:45:28,103 - inspyred.ec - DEBUG - replacement using testReplacer at generation 5 and evaluation 700
2018-03-31 21:45:28,108 - inspyred.ec - DEBUG - population size is now 100
2018-03-31 21:45:28,108 - inspyred.ec - DEBUG - migration using default_migration at generation 5 and evaluation 700
2018-03-31 21:45:28,109 - inspyred.ec - DEBUG - population size is now 100
2018-03-31 21:45:28,109 - inspyred.ec - DEBUG - archival using default_archiver at generation 5 and evaluation 700
2018-03-31 21:45:28,109 - inspyred.ec - DEBUG - archive size is now 0
2018-03-31 21:45:28,109 - inspyred.ec - DEBUG - population size is now 100
2018-03-31 21:45:28,110 - inspyred.ec - DEBUG - observation using stats_observer at generation 6 and evaluation 700
2018-03-31 21:45:28,111 - inspyred.ec - DEBUG - termination test using evaluation_termination at generation 6 and evaluation 700
2018-03-31 21:45:28,111 - inspyred.ec - DEBUG - selection using fitness_proportionate_selection at generation 6 and evaluation 700
2018-03-31 21:45:28,114 - inspyred.ec - DEBUG - selected 100 candidates
2018-03-31 21:45:28,150 - inspyred.ec - DEBUG - variation using bit_flip_mutation at generation 6 and evaluation 700
2018-03-31 21:45:28,156 - inspyred.ec - DEBUG - created 100 offspring
2018-03-31 21:45:28,156 - inspyred.ec - DEBUG - evaluation using evaluate_knapsack_candidates at generation 6 and evaluation 700
2018-03-31 21:45:28,163 - inspyred.ec - DEBUG - replacement using testReplacer at generation 6 and evaluation 800
2018-03-31 21:45:28,168 - inspyred.ec - DEBUG - population size is now 100
2018-03-31 21:45:28,169 - inspyred.ec - DEBUG - migration using default_migration at generation 6 and evaluation 800
2018-03-31 21:45:28,169 - inspyred.ec - DEBUG - population size is now 100
2018-03-31 21:45:28,169 - inspyred.ec - DEBUG - archival using default_archiver at generation 6 and evaluation 800
2018-03-31 21:45:28,170 - inspyred.ec - DEBUG - archive size is now 0
2018-03-31 21:45:28,170 - inspyred.ec - DEBUG - population size is now 100
2018-03-31 21:45:28,170 - inspyred.ec - DEBUG - observation using stats_observer at generation 7 and evaluation 800
2018-03-31 21:45:28,171 - inspyred.ec - DEBUG - termination test using evaluation_termination at generation 7 and evaluation 800
2018-03-31 21:45:28,172 - inspyred.ec - DEBUG - selection using fitness_proportionate_selection at generation 7 and evaluation 800
2018-03-31 21:45:28,174 - inspyred.ec - DEBUG - selected 100 candidates
2018-03-31 21:45:28,211 - inspyred.ec - DEBUG - variation using bit_flip_mutation at generation 7 and evaluation 800
2018-03-31 21:45:28,217 - inspyred.ec - DEBUG - created 100 offspring
2018-03-31 21:45:28,217 - inspyred.ec - DEBUG - evaluation using evaluate_knapsack_candidates at generation 7 and evaluation 800
2018-03-31 21:45:28,224 - inspyred.ec - DEBUG - replacement using testReplacer at generation 7 and evaluation 900
2018-03-31 21:45:28,229 - inspyred.ec - DEBUG - population size is now 100
2018-03-31 21:45:28,230 - inspyred.ec - DEBUG - migration using default_migration at generation 7 and evaluation 900
2018-03-31 21:45:28,230 - inspyred.ec - DEBUG - population size is now 100
2018-03-31 21:45:28,231 - inspyred.ec - DEBUG - archival using default_archiver at generation 7 and evaluation 900
2018-03-31 21:45:28,231 - inspyred.ec - DEBUG - archive size is now 0
2018-03-31 21:45:28,231 - inspyred.ec - DEBUG - population size is now 100
2018-03-31 21:45:28,232 - inspyred.ec - DEBUG - observation using stats_observer at generation 8 and evaluation 900
2018-03-31 21:45:28,233 - inspyred.ec - DEBUG - termination test using evaluation_termination at generation 8 and evaluation 900
2018-03-31 21:45:28,233 - inspyred.ec - DEBUG - selection using fitness_proportionate_selection at generation 8 and evaluation 900
2018-03-31 21:45:28,236 - inspyred.ec - DEBUG - selected 100 candidates
2018-03-31 21:45:28,272 - inspyred.ec - DEBUG - variation using bit_flip_mutation at generation 8 and evaluation 900
2018-03-31 21:45:28,277 - inspyred.ec - DEBUG - created 100 offspring
2018-03-31 21:45:28,277 - inspyred.ec - DEBUG - evaluation using evaluate_knapsack_candidates at generation 8 and evaluation 900
2018-03-31 21:45:28,284 - inspyred.ec - DEBUG - replacement using testReplacer at generation 8 and evaluation 1000
2018-03-31 21:45:28,290 - inspyred.ec - DEBUG - population size is now 100
2018-03-31 21:45:28,290 - inspyred.ec - DEBUG - migration using default_migration at generation 8 and evaluation 1000
2018-03-31 21:45:28,290 - inspyred.ec - DEBUG - population size is now 100
2018-03-31 21:45:28,291 - inspyred.ec - DEBUG - archival using default_archiver at generation 8 and evaluation 1000
2018-03-31 21:45:28,291 - inspyred.ec - DEBUG - archive size is now 0
2018-03-31 21:45:28,291 - inspyred.ec - DEBUG - population size is now 100
2018-03-31 21:45:28,291 - inspyred.ec - DEBUG - observation using stats_observer at generation 9 and evaluation 1000
2018-03-31 21:45:28,293 - inspyred.ec - DEBUG - termination test using evaluation_termination at generation 9 and evaluation 1000
2018-03-31 21:45:28,293 - inspyred.ec - DEBUG - termination from evaluation_termination at generation 9 and evaluation 1000
2018-03-31 21:57:56,428 - inspyred.ec - DEBUG - generating initial population
2018-03-31 21:57:56,499 - inspyred.ec - DEBUG - evaluating initial population
2018-03-31 21:57:56,508 - inspyred.ec - DEBUG - population size is now 100
2018-03-31 21:57:56,509 - inspyred.ec - DEBUG - archiving initial population
2018-03-31 21:57:56,509 - inspyred.ec - DEBUG - archive size is now 0
2018-03-31 21:57:56,510 - inspyred.ec - DEBUG - population size is now 100
2018-03-31 21:57:56,523 - inspyred.ec - DEBUG - observation using stats_observer at generation 0 and evaluation 100
2018-03-31 21:57:56,828 - inspyred.ec - DEBUG - termination test using evaluation_termination at generation 0 and evaluation 100
2018-03-31 21:57:56,829 - inspyred.ec - DEBUG - selection using fitness_proportionate_selection at generation 0 and evaluation 100
2018-03-31 21:57:56,834 - inspyred.ec - DEBUG - selected 100 candidates
2018-03-31 21:57:56,895 - inspyred.ec - DEBUG - variation using bit_flip_mutation at generation 0 and evaluation 100
2018-03-31 21:57:56,903 - inspyred.ec - DEBUG - created 100 offspring
2018-03-31 21:57:56,904 - inspyred.ec - DEBUG - evaluation using evaluate_knapsack_candidates at generation 0 and evaluation 100
2018-03-31 21:57:56,913 - inspyred.ec - DEBUG - replacement using my_replacer at generation 0 and evaluation 200
2018-03-31 21:58:21,048 - inspyred.ec - DEBUG - population size is now 100
2018-03-31 21:58:21,051 - inspyred.ec - DEBUG - migration using default_migration at generation 0 and evaluation 200
2018-03-31 21:58:21,053 - inspyred.ec - DEBUG - population size is now 100
2018-03-31 21:58:21,055 - inspyred.ec - DEBUG - archival using default_archiver at generation 0 and evaluation 200
2018-03-31 21:58:21,057 - inspyred.ec - DEBUG - archive size is now 0
2018-03-31 21:58:21,060 - inspyred.ec - DEBUG - population size is now 100
2018-03-31 21:58:21,063 - inspyred.ec - DEBUG - observation using stats_observer at generation 1 and evaluation 200
2018-03-31 21:58:21,081 - inspyred.ec - DEBUG - termination test using evaluation_termination at generation 1 and evaluation 200
2018-03-31 21:58:21,083 - inspyred.ec - DEBUG - selection using fitness_proportionate_selection at generation 1 and evaluation 200
2018-03-31 21:58:21,112 - inspyred.ec - DEBUG - selected 100 candidates
2018-03-31 21:58:21,478 - inspyred.ec - DEBUG - variation using bit_flip_mutation at generation 1 and evaluation 200
2018-03-31 21:58:21,496 - inspyred.ec - DEBUG - created 100 offspring
2018-03-31 21:58:21,498 - inspyred.ec - DEBUG - evaluation using evaluate_knapsack_candidates at generation 1 and evaluation 200
2018-03-31 21:58:21,559 - inspyred.ec - DEBUG - replacement using my_replacer at generation 1 and evaluation 300
2018-03-31 21:58:25,403 - inspyred.ec - DEBUG - population size is now 100
2018-03-31 21:58:25,408 - inspyred.ec - DEBUG - migration using default_migration at generation 1 and evaluation 300
2018-03-31 21:58:25,412 - inspyred.ec - DEBUG - population size is now 100
2018-03-31 21:58:25,416 - inspyred.ec - DEBUG - archival using default_archiver at generation 1 and evaluation 300
2018-03-31 21:58:25,420 - inspyred.ec - DEBUG - archive size is now 0
2018-03-31 21:58:25,424 - inspyred.ec - DEBUG - population size is now 100
2018-03-31 21:58:25,428 - inspyred.ec - DEBUG - observation using stats_observer at generation 2 and evaluation 300
2018-03-31 21:58:25,463 - inspyred.ec - DEBUG - termination test using evaluation_termination at generation 2 and evaluation 300
2018-03-31 21:58:25,467 - inspyred.ec - DEBUG - selection using fitness_proportionate_selection at generation 2 and evaluation 300
2018-03-31 21:58:25,521 - inspyred.ec - DEBUG - selected 100 candidates
2018-03-31 21:58:26,218 - inspyred.ec - DEBUG - variation using bit_flip_mutation at generation 2 and evaluation 300
2018-03-31 21:58:26,251 - inspyred.ec - DEBUG - created 100 offspring
2018-03-31 21:58:26,255 - inspyred.ec - DEBUG - evaluation using evaluate_knapsack_candidates at generation 2 and evaluation 300
2018-03-31 21:58:26,324 - inspyred.ec - DEBUG - replacement using my_replacer at generation 2 and evaluation 400
2018-03-31 21:58:26,367 - inspyred.ec - DEBUG - population size is now 100
2018-03-31 21:58:26,371 - inspyred.ec - DEBUG - migration using default_migration at generation 2 and evaluation 400
2018-03-31 21:58:26,375 - inspyred.ec - DEBUG - population size is now 100
2018-03-31 21:58:26,380 - inspyred.ec - DEBUG - archival using default_archiver at generation 2 and evaluation 400
2018-03-31 21:58:26,384 - inspyred.ec - DEBUG - archive size is now 0
2018-03-31 21:58:26,388 - inspyred.ec - DEBUG - population size is now 100
2018-03-31 21:58:26,392 - inspyred.ec - DEBUG - observation using stats_observer at generation 3 and evaluation 400
2018-03-31 21:58:26,425 - inspyred.ec - DEBUG - termination test using evaluation_termination at generation 3 and evaluation 400
2018-03-31 21:58:26,429 - inspyred.ec - DEBUG - selection using fitness_proportionate_selection at generation 3 and evaluation 400
2018-03-31 21:58:26,482 - inspyred.ec - DEBUG - selected 100 candidates
2018-03-31 21:58:27,165 - inspyred.ec - DEBUG - variation using bit_flip_mutation at generation 3 and evaluation 400
2018-03-31 21:58:27,201 - inspyred.ec - DEBUG - created 100 offspring
2018-03-31 21:58:27,206 - inspyred.ec - DEBUG - evaluation using evaluate_knapsack_candidates at generation 3 and evaluation 400
2018-03-31 21:58:27,275 - inspyred.ec - DEBUG - replacement using my_replacer at generation 3 and evaluation 500
2018-03-31 21:58:27,312 - inspyred.ec - DEBUG - population size is now 100
2018-03-31 21:58:27,316 - inspyred.ec - DEBUG - migration using default_migration at generation 3 and evaluation 500
2018-03-31 21:58:27,320 - inspyred.ec - DEBUG - population size is now 100
2018-03-31 21:58:27,324 - inspyred.ec - DEBUG - archival using default_archiver at generation 3 and evaluation 500
2018-03-31 21:58:27,330 - inspyred.ec - DEBUG - archive size is now 0
2018-03-31 21:58:27,335 - inspyred.ec - DEBUG - population size is now 100
2018-03-31 21:58:27,340 - inspyred.ec - DEBUG - observation using stats_observer at generation 4 and evaluation 500
2018-03-31 21:58:27,373 - inspyred.ec - DEBUG - termination test using evaluation_termination at generation 4 and evaluation 500
2018-03-31 21:58:27,377 - inspyred.ec - DEBUG - selection using fitness_proportionate_selection at generation 4 and evaluation 500
2018-03-31 21:58:27,426 - inspyred.ec - DEBUG - selected 100 candidates
2018-03-31 21:58:28,000 - inspyred.ec - DEBUG - variation using bit_flip_mutation at generation 4 and evaluation 500
2018-03-31 21:58:28,027 - inspyred.ec - DEBUG - created 100 offspring
2018-03-31 21:58:28,031 - inspyred.ec - DEBUG - evaluation using evaluate_knapsack_candidates at generation 4 and evaluation 500
2018-03-31 21:58:28,086 - inspyred.ec - DEBUG - replacement using my_replacer at generation 4 and evaluation 600
2018-03-31 21:58:28,117 - inspyred.ec - DEBUG - population size is now 100
2018-03-31 21:58:28,121 - inspyred.ec - DEBUG - migration using default_migration at generation 4 and evaluation 600
2018-03-31 21:58:28,124 - inspyred.ec - DEBUG - population size is now 100
2018-03-31 21:58:28,127 - inspyred.ec - DEBUG - archival using default_archiver at generation 4 and evaluation 600
2018-03-31 21:58:28,130 - inspyred.ec - DEBUG - archive size is now 0
2018-03-31 21:58:28,134 - inspyred.ec - DEBUG - population size is now 100
2018-03-31 21:58:28,137 - inspyred.ec - DEBUG - observation using stats_observer at generation 5 and evaluation 600
2018-03-31 21:58:28,164 - inspyred.ec - DEBUG - termination test using evaluation_termination at generation 5 and evaluation 600
2018-03-31 21:58:28,167 - inspyred.ec - DEBUG - selection using fitness_proportionate_selection at generation 5 and evaluation 600
2018-03-31 21:58:28,210 - inspyred.ec - DEBUG - selected 100 candidates
2018-03-31 21:58:28,779 - inspyred.ec - DEBUG - variation using bit_flip_mutation at generation 5 and evaluation 600
2018-03-31 21:58:28,808 - inspyred.ec - DEBUG - created 100 offspring
2018-03-31 21:58:28,812 - inspyred.ec - DEBUG - evaluation using evaluate_knapsack_candidates at generation 5 and evaluation 600
2018-03-31 21:58:28,868 - inspyred.ec - DEBUG - replacement using my_replacer at generation 5 and evaluation 700
2018-03-31 21:58:28,897 - inspyred.ec - DEBUG - population size is now 100
2018-03-31 21:58:28,901 - inspyred.ec - DEBUG - migration using default_migration at generation 5 and evaluation 700
2018-03-31 21:58:28,904 - inspyred.ec - DEBUG - population size is now 100
2018-03-31 21:58:28,908 - inspyred.ec - DEBUG - archival using default_archiver at generation 5 and evaluation 700
2018-03-31 21:58:28,912 - inspyred.ec - DEBUG - archive size is now 0
2018-03-31 21:58:28,915 - inspyred.ec - DEBUG - population size is now 100
2018-03-31 21:58:28,941 - inspyred.ec - DEBUG - observation using stats_observer at generation 6 and evaluation 700
2018-03-31 21:58:28,967 - inspyred.ec - DEBUG - termination test using evaluation_termination at generation 6 and evaluation 700
2018-03-31 21:58:28,971 - inspyred.ec - DEBUG - selection using fitness_proportionate_selection at generation 6 and evaluation 700
2018-03-31 21:58:29,014 - inspyred.ec - DEBUG - selected 100 candidates
2018-03-31 21:58:29,564 - inspyred.ec - DEBUG - variation using bit_flip_mutation at generation 6 and evaluation 700
2018-03-31 21:58:29,591 - inspyred.ec - DEBUG - created 100 offspring
2018-03-31 21:58:29,594 - inspyred.ec - DEBUG - evaluation using evaluate_knapsack_candidates at generation 6 and evaluation 700
2018-03-31 21:58:29,650 - inspyred.ec - DEBUG - replacement using my_replacer at generation 6 and evaluation 800
2018-03-31 21:58:29,679 - inspyred.ec - DEBUG - population size is now 100
2018-03-31 21:58:29,683 - inspyred.ec - DEBUG - migration using default_migration at generation 6 and evaluation 800
2018-03-31 21:58:29,686 - inspyred.ec - DEBUG - population size is now 100
2018-03-31 21:58:29,689 - inspyred.ec - DEBUG - archival using default_archiver at generation 6 and evaluation 800
2018-03-31 21:58:29,693 - inspyred.ec - DEBUG - archive size is now 0
2018-03-31 21:58:29,697 - inspyred.ec - DEBUG - population size is now 100
2018-03-31 21:58:29,701 - inspyred.ec - DEBUG - observation using stats_observer at generation 7 and evaluation 800
2018-03-31 21:58:29,727 - inspyred.ec - DEBUG - termination test using evaluation_termination at generation 7 and evaluation 800
2018-03-31 21:58:29,731 - inspyred.ec - DEBUG - selection using fitness_proportionate_selection at generation 7 and evaluation 800
2018-03-31 21:58:29,775 - inspyred.ec - DEBUG - selected 100 candidates
2018-03-31 21:58:30,319 - inspyred.ec - DEBUG - variation using bit_flip_mutation at generation 7 and evaluation 800
2018-03-31 21:58:30,346 - inspyred.ec - DEBUG - created 100 offspring
2018-03-31 21:58:30,349 - inspyred.ec - DEBUG - evaluation using evaluate_knapsack_candidates at generation 7 and evaluation 800
2018-03-31 21:58:30,404 - inspyred.ec - DEBUG - replacement using my_replacer at generation 7 and evaluation 900
2018-03-31 21:58:30,432 - inspyred.ec - DEBUG - population size is now 100
2018-03-31 21:58:30,435 - inspyred.ec - DEBUG - migration using default_migration at generation 7 and evaluation 900
2018-03-31 21:58:30,438 - inspyred.ec - DEBUG - population size is now 100
2018-03-31 21:58:30,442 - inspyred.ec - DEBUG - archival using default_archiver at generation 7 and evaluation 900
2018-03-31 21:58:30,445 - inspyred.ec - DEBUG - archive size is now 0
2018-03-31 21:58:30,448 - inspyred.ec - DEBUG - population size is now 100
2018-03-31 21:58:30,452 - inspyred.ec - DEBUG - observation using stats_observer at generation 8 and evaluation 900
2018-03-31 21:58:30,478 - inspyred.ec - DEBUG - termination test using evaluation_termination at generation 8 and evaluation 900
2018-03-31 21:58:30,481 - inspyred.ec - DEBUG - selection using fitness_proportionate_selection at generation 8 and evaluation 900
2018-03-31 21:58:30,525 - inspyred.ec - DEBUG - selected 100 candidates
2018-03-31 21:58:31,073 - inspyred.ec - DEBUG - variation using bit_flip_mutation at generation 8 and evaluation 900
2018-03-31 21:58:31,100 - inspyred.ec - DEBUG - created 100 offspring
2018-03-31 21:58:31,103 - inspyred.ec - DEBUG - evaluation using evaluate_knapsack_candidates at generation 8 and evaluation 900
2018-03-31 21:58:31,158 - inspyred.ec - DEBUG - replacement using my_replacer at generation 8 and evaluation 1000
2018-03-31 21:58:31,188 - inspyred.ec - DEBUG - population size is now 100
2018-03-31 21:58:31,191 - inspyred.ec - DEBUG - migration using default_migration at generation 8 and evaluation 1000
2018-03-31 21:58:31,194 - inspyred.ec - DEBUG - population size is now 100
2018-03-31 21:58:31,198 - inspyred.ec - DEBUG - archival using default_archiver at generation 8 and evaluation 1000
2018-03-31 21:58:31,201 - inspyred.ec - DEBUG - archive size is now 0
2018-03-31 21:58:31,204 - inspyred.ec - DEBUG - population size is now 100
2018-03-31 21:58:31,208 - inspyred.ec - DEBUG - observation using stats_observer at generation 9 and evaluation 1000
2018-03-31 21:58:31,233 - inspyred.ec - DEBUG - termination test using evaluation_termination at generation 9 and evaluation 1000
2018-03-31 21:58:31,236 - inspyred.ec - DEBUG - termination from evaluation_termination at generation 9 and evaluation 1000
2018-03-31 22:02:27,171 - inspyred.ec - DEBUG - generating initial population
2018-03-31 22:02:27,226 - inspyred.ec - DEBUG - evaluating initial population
2018-03-31 22:02:27,232 - inspyred.ec - DEBUG - population size is now 100
2018-03-31 22:02:27,233 - inspyred.ec - DEBUG - archiving initial population
2018-03-31 22:02:27,233 - inspyred.ec - DEBUG - archive size is now 0
2018-03-31 22:02:27,233 - inspyred.ec - DEBUG - population size is now 100
2018-03-31 22:02:27,242 - inspyred.ec - DEBUG - observation using stats_observer at generation 0 and evaluation 100
2018-03-31 22:02:27,447 - inspyred.ec - DEBUG - termination test using evaluation_termination at generation 0 and evaluation 100
2018-03-31 22:02:27,448 - inspyred.ec - DEBUG - selection using fitness_proportionate_selection at generation 0 and evaluation 100
2018-03-31 22:02:27,452 - inspyred.ec - DEBUG - selected 100 candidates
2018-03-31 22:02:27,489 - inspyred.ec - DEBUG - variation using bit_flip_mutation at generation 0 and evaluation 100
2018-03-31 22:02:27,495 - inspyred.ec - DEBUG - created 100 offspring
2018-03-31 22:02:27,495 - inspyred.ec - DEBUG - evaluation using evaluate_knapsack_candidates at generation 0 and evaluation 100
2018-03-31 22:02:27,501 - inspyred.ec - DEBUG - replacement using my_replacer at generation 0 and evaluation 200
